# JRE version: Java(TM) SE Runtime Environment (8.0_77-b03) (build 1.8.0_77-b03)
# Java VM: Java HotSpot(TM) 64-Bit Server VM (25.77-b03 mixed mode windows-amd64 compressed oops)
Heap:
 PSYoungGen      total 152064K, used 93395K [0x00000000eab00000, 0x00000000f7380000, 0x0000000100000000)
  eden space 102912K, 54% used [0x00000000eab00000,0x00000000ee208ec0,0x00000000f0f80000)
  from space 49152K, 75% used [0x00000000f4100000,0x00000000f652c0c0,0x00000000f7100000)
  to   space 50688K, 0% used [0x00000000f0f80000,0x00000000f0f80000,0x00000000f4100000)
 ParOldGen       total 542720K, used 146738K [0x00000000c0000000, 0x00000000e1200000, 0x00000000eab00000)
  object space 542720K, 27% used [0x00000000c0000000,0x00000000c8f4cab0,0x00000000e1200000)
 Metaspace       used 150571K, capacity 162591K, committed 162816K, reserved 1189888K
  class space    used 17517K, capacity 21423K, committed 21504K, reserved 1048576K
GC Heap History (10 events):
Event: 8569.527 GC heap before
{Heap before GC invocations=80 (full 8):
 PSYoungGen      total 146432K, used 137350K [0x00000000eab00000, 0x00000000f6000000, 0x0000000100000000)
  eden space 109568K, 100% used [0x00000000eab00000,0x00000000f1600000,0x00000000f1600000)
  from space 36864K, 75% used [0x00000000f1700000,0x00000000f3221830,0x00000000f3b00000)
  to   space 37888K, 0% used [0x00000000f3b00000,0x00000000f3b00000,0x00000000f6000000)
 ParOldGen       total 542720K, used 140646K [0x00000000c0000000, 0x00000000e1200000, 0x00000000eab00000)
  object space 542720K, 25% used [0x00000000c0000000,0x00000000c89598b8,0x00000000e1200000)
 Metaspace       used 146129K, capacity 157857K, committed 158080K, reserved 1185792K
  class space    used 16903K, capacity 20746K, committed 20864K, reserved 1048576K
Event: 8569.553 GC heap after
Heap after GC invocations=80 (full 8):
 PSYoungGen      total 146432K, used 28221K [0x00000000eab00000, 0x00000000f6000000, 0x0000000100000000)
  eden space 108544K, 0% used [0x00000000eab00000,0x00000000eab00000,0x00000000f1500000)
  from space 37888K, 74% used [0x00000000f3b00000,0x00000000f568f758,0x00000000f6000000)
  to   space 38400K, 0% used [0x00000000f1500000,0x00000000f1500000,0x00000000f3a80000)
 ParOldGen       total 542720K, used 142541K [0x00000000c0000000, 0x00000000e1200000, 0x00000000eab00000)
  object space 542720K, 26% used [0x00000000c0000000,0x00000000c8b335c0,0x00000000e1200000)
 Metaspace       used 146129K, capacity 157857K, committed 158080K, reserved 1185792K
  class space    used 16903K, capacity 20746K, committed 20864K, reserved 1048576K
}
Event: 8585.938 GC heap before
{Heap before GC invocations=81 (full 8):
 PSYoungGen      total 146432K, used 136765K [0x00000000eab00000, 0x00000000f6000000, 0x0000000100000000)
  eden space 108544K, 100% used [0x00000000eab00000,0x00000000f1500000,0x00000000f1500000)
  from space 37888K, 74% used [0x00000000f3b00000,0x00000000f568f758,0x00000000f6000000)
  to   space 38400K, 0% used [0x00000000f1500000,0x00000000f1500000,0x00000000f3a80000)
 ParOldGen       total 542720K, used 142541K [0x00000000c0000000, 0x00000000e1200000, 0x00000000eab00000)
  object space 542720K, 26% used [0x00000000c0000000,0x00000000c8b335c0,0x00000000e1200000)
 Metaspace       used 146166K, capacity 157857K, committed 158080K, reserved 1185792K
  class space    used 16903K, capacity 20746K, committed 20864K, reserved 1048576K
Event: 8585.974 GC heap after
Heap after GC invocations=81 (full 8):
 PSYoungGen      total 145920K, used 38385K [0x00000000eab00000, 0x00000000f6900000, 0x0000000100000000)
  eden space 107520K, 0% used [0x00000000eab00000,0x00000000eab00000,0x00000000f1400000)
  from space 38400K, 99% used [0x00000000f1500000,0x00000000f3a7c4d0,0x00000000f3a80000)
  to   space 43520K, 0% used [0x00000000f3e80000,0x00000000f3e80000,0x00000000f6900000)
 ParOldGen       total 542720K, used 143907K [0x00000000c0000000, 0x00000000e1200000, 0x00000000eab00000)
  object space 542720K, 26% used [0x00000000c0000000,0x00000000c8c88dc0,0x00000000e1200000)
 Metaspace       used 146166K, capacity 157857K, committed 158080K, reserved 1185792K
  class space    used 16903K, capacity 20746K, committed 20864K, reserved 1048576K
}
Event: 8632.269 GC heap before
{Heap before GC invocations=82 (full 8):
 PSYoungGen      total 145920K, used 145905K [0x00000000eab00000, 0x00000000f6900000, 0x0000000100000000)
  eden space 107520K, 100% used [0x00000000eab00000,0x00000000f1400000,0x00000000f1400000)
  from space 38400K, 99% used [0x00000000f1500000,0x00000000f3a7c4d0,0x00000000f3a80000)
  to   space 43520K, 0% used [0x00000000f3e80000,0x00000000f3e80000,0x00000000f6900000)
 ParOldGen       total 542720K, used 143907K [0x00000000c0000000, 0x00000000e1200000, 0x00000000eab00000)
  object space 542720K, 26% used [0x00000000c0000000,0x00000000c8c88dc0,0x00000000e1200000)
 Metaspace       used 146182K, capacity 157861K, committed 158080K, reserved 1185792K
  class space    used 16903K, capacity 20746K, committed 20864K, reserved 1048576K
Event: 8632.307 GC heap after
Heap after GC invocations=82 (full 8):
 PSYoungGen      total 148480K, used 37425K [0x00000000eab00000, 0x00000000f6d00000, 0x0000000100000000)
  eden space 104960K, 0% used [0x00000000eab00000,0x00000000eab00000,0x00000000f1180000)
  from space 43520K, 85% used [0x00000000f3e80000,0x00000000f630c520,0x00000000f6900000)
  to   space 46080K, 0% used [0x00000000f1180000,0x00000000f1180000,0x00000000f3e80000)
 ParOldGen       total 542720K, used 144130K [0x00000000c0000000, 0x00000000e1200000, 0x00000000eab00000)
  object space 542720K, 26% used [0x00000000c0000000,0x00000000c8cc0a80,0x00000000e1200000)
 Metaspace       used 146182K, capacity 157861K, committed 158080K, reserved 1185792K
  class space    used 16903K, capacity 20746K, committed 20864K, reserved 1048576K
}
Event: 11360.362 GC heap before
{Heap before GC invocations=83 (full 8):
 PSYoungGen      total 148480K, used 142385K [0x00000000eab00000, 0x00000000f6d00000, 0x0000000100000000)
  eden space 104960K, 100% used [0x00000000eab00000,0x00000000f1180000,0x00000000f1180000)
  from space 43520K, 85% used [0x00000000f3e80000,0x00000000f630c520,0x00000000f6900000)
  to   space 46080K, 0% used [0x00000000f1180000,0x00000000f1180000,0x00000000f3e80000)
 ParOldGen       total 542720K, used 144130K [0x00000000c0000000, 0x00000000e1200000, 0x00000000eab00000)
  object space 542720K, 26% used [0x00000000c0000000,0x00000000c8cc0a80,0x00000000e1200000)
 Metaspace       used 146334K, capacity 158141K, committed 158592K, reserved 1187840K
  class space    used 16905K, capacity 20750K, committed 20864K, reserved 1048576K
Event: 11360.394 GC heap after
Heap after GC invocations=83 (full 8):
 PSYoungGen      total 150528K, used 38826K [0x00000000eab00000, 0x00000000f7100000, 0x0000000100000000)
  eden space 104448K, 0% used [0x00000000eab00000,0x00000000eab00000,0x00000000f1100000)
  from space 46080K, 84% used [0x00000000f1180000,0x00000000f376aa80,0x00000000f3e80000)
  to   space 49152K, 0% used [0x00000000f4100000,0x00000000f4100000,0x00000000f7100000)
 ParOldGen       total 542720K, used 144130K [0x00000000c0000000, 0x00000000e1200000, 0x00000000eab00000)
  object space 542720K, 26% used [0x00000000c0000000,0x00000000c8cc0a80,0x00000000e1200000)
 Metaspace       used 146334K, capacity 158141K, committed 158592K, reserved 1187840K
  class space    used 16905K, capacity 20750K, committed 20864K, reserved 1048576K
}
Event: 11480.201 GC heap before
{Heap before GC invocations=84 (full 8):
 PSYoungGen      total 150528K, used 143274K [0x00000000eab00000, 0x00000000f7100000, 0x0000000100000000)
  eden space 104448K, 100% used [0x00000000eab00000,0x00000000f1100000,0x00000000f1100000)
  from space 46080K, 84% used [0x00000000f1180000,0x00000000f376aa80,0x00000000f3e80000)
  to   space 49152K, 0% used [0x00000000f4100000,0x00000000f4100000,0x00000000f7100000)
 ParOldGen       total 542720K, used 144130K [0x00000000c0000000, 0x00000000e1200000, 0x00000000eab00000)
  object space 542720K, 26% used [0x00000000c0000000,0x00000000c8cc0a80,0x00000000e1200000)
 Metaspace       used 148067K, capacity 159971K, committed 160128K, reserved 1187840K
  class space    used 17145K, capacity 21064K, committed 21120K, reserved 1048576K
Event: 11480.236 GC heap after
Heap after GC invocations=84 (full 8):
 PSYoungGen      total 152064K, used 37040K [0x00000000eab00000, 0x00000000f7380000, 0x0000000100000000)
  eden space 102912K, 0% used [0x00000000eab00000,0x00000000eab00000,0x00000000f0f80000)
  from space 49152K, 75% used [0x00000000f4100000,0x00000000f652c0c0,0x00000000f7100000)
  to   space 50688K, 0% used [0x00000000f0f80000,0x00000000f0f80000,0x00000000f4100000)
 ParOldGen       total 542720K, used 146738K [0x00000000c0000000, 0x00000000e1200000, 0x00000000eab00000)
  object space 542720K, 27% used [0x00000000c0000000,0x00000000c8f4cab0,0x00000000e1200000)
 Metaspace       used 148067K, capacity 159971K, committed 160128K, reserved 1187840K
  class space    used 17145K, capacity 21064K, committed 21120K, reserved 1048576K
}

